Loading 10 real graphs
saved hyperparameters

Run 1 of 10, start time: 2022-06-01 12:17:23
Iterat #Fevals   function value  axis ratio  sigma  min&max std  t[m:s]
    1      9 7.943524700000000e+03 1.0e+00 1.44e+04  1e+04  1e+04 109:40.0
    2     18 7.781070300000000e+03 1.0e+00 1.44e+04  1e+04  1e+04 219:30.6
    3     27 7.846426500000000e+03 1.0e+00 1.44e+04  1e+04  1e+04 329:21.3
    4     36 7.906557000000000e+03 1.0e+00 1.44e+04  1e+04  1e+04 439:05.6
    5     45 7.931992000000000e+03 1.0e+00 1.44e+04  1e+04  1e+04 548:49.9
    6     54 7.924709400000000e+03 1.0e+00 1.44e+04  1e+04  1e+04 658:49.5
    7     63 7.988740000000000e+03 1.0e+00 1.44e+04  1e+04  1e+04 768:34.5
    8     72 7.924787300000000e+03 1.0e+00 1.44e+04  1e+04  1e+04 878:32.7
    9     81 7.825038600000000e+03 1.0e+00 1.44e+04  1e+04  1e+04 988:30.6
   10     90 8.023450000000000e+03 1.0e+00 1.44e+04  1e+04  1e+04 1098:31.4
   11     99 7.901675900000000e+03 1.0e+00 1.44e+04  1e+04  1e+04 1208:09.3
   12    108 7.849445400000000e+03 1.0e+00 1.44e+04  1e+04  1e+04 1317:55.2
   13    117 7.681706600000000e+03 1.0e+00 1.44e+04  1e+04  1e+04 1428:03.9
   14    126 7.887541400000000e+03 1.0e+00 1.44e+04  1e+04  1e+04 1538:12.5
   15    135 7.855661000000000e+03 1.0e+00 1.44e+04  1e+04  1e+04 1647:57.0
   16    144 8.009130400000000e+03 1.0e+00 1.44e+04  1e+04  1e+04 1757:54.5
   17    153 7.948950300000000e+03 1.0e+00 1.44e+04  1e+04  1e+04 1867:41.0
   18    162 7.754967300000000e+03 1.0e+00 1.44e+04  1e+04  1e+04 1977:29.8
   19    171 7.679645900000000e+03 1.0e+00 1.44e+04  1e+04  1e+04 2087:28.2
   20    180 7.898685400000000e+03 1.0e+00 1.44e+04  1e+04  1e+04 2197:26.2
   21    189 7.967798100000000e+03 1.0e+00 1.44e+04  1e+04  1e+04 2307:39.1
   22    198 8.077099100000000e+03 1.0e+00 1.44e+04  1e+04  1e+04 2418:03.5
   23    207 7.834913800000000e+03 1.0e+00 1.44e+04  1e+04  1e+04 2528:02.9
   24    216 7.948859900000000e+03 1.0e+00 1.44e+04  1e+04  1e+04 2637:59.2
   25    225 7.836115700000000e+03 1.0e+00 1.44e+04  1e+04  1e+04 2747:54.4
   26    234 7.987144400000000e+03 1.0e+00 1.44e+04  1e+04  1e+04 2857:58.7
   27    243 7.916757300000000e+03 1.0e+00 1.44e+04  1e+04  1e+04 2968:10.6
   28    252 7.919625400000000e+03 1.0e+00 1.44e+04  1e+04  1e+04 3078:24.0
   29    261 7.879187400000000e+03 1.0e+00 1.44e+04  1e+04  1e+04 3188:17.6
   30    270 7.978344900000000e+03 1.0e+00 1.44e+04  1e+04  1e+04 3298:12.7
   31    279 7.836764400000000e+03 1.0e+00 1.44e+04  1e+04  1e+04 3407:51.3
   32    288 7.858873500000000e+03 1.0e+00 1.44e+04  1e+04  1e+04 3517:32.2
   33    297 7.903148400000000e+03 1.0e+00 1.44e+04  1e+04  1e+04 3627:24.7
   34    306 7.976255800000000e+03 1.0e+00 1.44e+04  1e+04  1e+04 3737:10.2
   35    315 7.941239400000000e+03 1.0e+00 1.44e+04  1e+04  1e+04 3846:56.9
   36    324 7.846425300000000e+03 1.0e+00 1.44e+04  1e+04  1e+04 3956:58.4
   37    333 7.837241300000000e+03 1.0e+00 1.44e+04  1e+04  1e+04 4067:00.1
   38    342 7.964536000000000e+03 1.0e+00 1.44e+04  1e+04  1e+04 4177:16.6
   39    351 7.952251200000000e+03 1.0e+00 1.44e+04  1e+04  1e+04 4287:28.9
   40    360 8.033327800000000e+03 1.0e+00 1.44e+04  1e+04  1e+04 4397:37.7
   41    369 7.766289700000000e+03 1.0e+00 1.44e+04  1e+04  1e+04 4507:37.1
   42    378 7.913149100000000e+03 1.0e+00 1.43e+04  1e+04  1e+04 4617:41.4
   43    387 7.997827900000000e+03 1.0e+00 1.43e+04  1e+04  1e+04 4727:51.0
   44    396 7.795629000000000e+03 1.0e+00 1.43e+04  1e+04  1e+04 4837:58.0
   45    405 7.982892100000000e+03 1.0e+00 1.43e+04  1e+04  1e+04 4948:12.8
   46    414 7.848155100000000e+03 1.0e+00 1.43e+04  1e+04  1e+04 5057:56.9
   47    423 7.929620900000000e+03 1.0e+00 1.43e+04  1e+04  1e+04 5168:09.4
   48    432 7.827470400000000e+03 1.0e+00 1.43e+04  1e+04  1e+04 5277:48.8
   49    441 7.827653700000000e+03 1.0e+00 1.43e+04  1e+04  1e+04 5388:06.2
   50    450 7.800581400000000e+03 1.0e+00 1.43e+04  1e+04  1e+04 5498:07.4
------------------------------------------------------
Run 2 of 10, start time: 2022-06-05 19:38:54
Iterat #Fevals   function value  axis ratio  sigma  min&max std  t[m:s]
    1      9 8.180579700000000e+03 1.0e+00 1.44e+04  1e+04  1e+04 110:28.4
    2     18 8.036045200000000e+03 1.0e+00 1.44e+04  1e+04  1e+04 220:50.7
    3     27 8.078467300000000e+03 1.0e+00 1.44e+04  1e+04  1e+04 331:25.3
    4     36 7.868568200000000e+03 1.0e+00 1.44e+04  1e+04  1e+04 441:55.2
    5     45 8.165904300000000e+03 1.0e+00 1.44e+04  1e+04  1e+04 552:36.1
    6     54 8.131508000000000e+03 1.0e+00 1.44e+04  1e+04  1e+04 663:13.9
    7     63 8.263744800000000e+03 1.0e+00 1.44e+04  1e+04  1e+04 774:47.4
    8     72 8.190372600000000e+03 1.0e+00 1.44e+04  1e+04  1e+04 885:59.0
    9     81 8.279563899999999e+03 1.0e+00 1.44e+04  1e+04  1e+04 997:17.8
   10     90 8.132837900000000e+03 1.0e+00 1.44e+04  1e+04  1e+04 1108:36.9
   11     99 8.149368900000000e+03 1.0e+00 1.44e+04  1e+04  1e+04 1219:54.4
   12    108 8.045062600000000e+03 1.0e+00 1.44e+04  1e+04  1e+04 1330:59.0
   13    117 7.959431400000000e+03 1.0e+00 1.44e+04  1e+04  1e+04 1441:41.8
   14    126 8.078262200000000e+03 1.0e+00 1.44e+04  1e+04  1e+04 1553:09.9
   15    135 8.082614000000000e+03 1.0e+00 1.44e+04  1e+04  1e+04 1664:24.1
   16    144 8.196443700000000e+03 1.0e+00 1.44e+04  1e+04  1e+04 1775:59.1
   17    153 8.092491600000000e+03 1.0e+00 1.44e+04  1e+04  1e+04 1887:04.8
   18    162 8.024986700000000e+03 1.0e+00 1.44e+04  1e+04  1e+04 1998:12.5
   19    171 8.026735200000000e+03 1.0e+00 1.44e+04  1e+04  1e+04 2109:24.0
   20    180 8.059348200000000e+03 1.0e+00 1.44e+04  1e+04  1e+04 2220:40.0
   21    189 8.108761400000000e+03 1.0e+00 1.44e+04  1e+04  1e+04 2331:31.0
   22    198 8.151262000000000e+03 1.0e+00 1.44e+04  1e+04  1e+04 2442:24.5
   23    207 8.127531500000000e+03 1.0e+00 1.44e+04  1e+04  1e+04 2553:16.5
   24    216 8.053240500000000e+03 1.0e+00 1.44e+04  1e+04  1e+04 2663:58.3
